<?xml version="1.0" encoding="UTF-8" ?>
<testsuite errors="0" skipped="0" tests="1" time="0.003" failures="0" name="AppTest">
  <properties>
    <property value="Java(TM) 2 Runtime Environment, Standard Edition" name="java.runtime.name"/>
    <property value="G:\SDKs\jdk1.5.0_14\jre\bin" name="sun.boot.library.path"/>
    <property value="1.5.0_14-b03" name="java.vm.version"/>
    <property value="Sun Microsystems Inc." name="java.vm.vendor"/>
    <property value="http://java.sun.com/" name="java.vendor.url"/>
    <property value=";" name="path.separator"/>
    <property value="Java HotSpot(TM) Client VM" name="java.vm.name"/>
    <property value="sun.io" name="file.encoding.pkg"/>
    <property value="BR" name="user.country"/>
    <property value="SUN_STANDARD" name="sun.java.launcher"/>
    <property value="Service Pack 2" name="sun.os.patch.level"/>
    <property value="Java Virtual Machine Specification" name="java.vm.specification.name"/>
    <property value="G:\Source\investprofile\web" name="user.dir"/>
    <property value="1.5.0_14-b03" name="java.runtime.version"/>
    <property value="sun.awt.Win32GraphicsEnvironment" name="java.awt.graphicsenv"/>
    <property value="G:\Source\investprofile\web" name="basedir"/>
    <property value="G:\SDKs\jdk1.5.0_14\jre\lib\endorsed" name="java.endorsed.dirs"/>
    <property value="x86" name="os.arch"/>
    <property value="C:\Users\mussa\AppData\Local\Temp\surefirebooter42066.jar" name="surefire.real.class.path"/>
    <property value="C:\Users\mussa\AppData\Local\Temp\" name="java.io.tmpdir"/>
    <property value="
" name="line.separator"/>
    <property value="Sun Microsystems Inc." name="java.vm.specification.vendor"/>
    <property value="" name="user.variant"/>
    <property value="Windows Vista" name="os.name"/>
    <property value="Cp1252" name="sun.jnu.encoding"/>
    <property value="G:\SDKs\jdk1.5.0_14\jre\bin;.;C:\Windows\system32;C:\Windows;C:\Windows\system32;C:\Windows;C:\Windows\System32\Wbem;C:\Program Files\QuickTime\QTSystem\;C:\Program Files\MySQL\MySQL Server 5.1\bin;G:\SDKs\jdk1.5.0_14\bin;G:\TOOLS\apache-maven-2.2.1\bin" name="java.library.path"/>
    <property value="G:\Source\investprofile\web\target\test-classes;G:\Source\investprofile\web\target\classes;g:\.m2\repository\mysql\mysql-connector-java\5.0.5\mysql-connector-java-5.0.5.jar;G:\Source\investprofile\core\target\investprofile-core-1.0-SNAPSHOT.jar;g:\.m2\repository\aspectj\aspectjweaver\1.5.2a\aspectjweaver-1.5.2a.jar;g:\.m2\repository\aspectj\aspectjrt\1.5.2a\aspectjrt-1.5.2a.jar;g:\.m2\repository\commons-beanutils\commons-beanutils\1.7.0\commons-beanutils-1.7.0.jar;g:\.m2\repository\commons-logging\commons-logging\1.1\commons-logging-1.1.jar;g:\.m2\repository\commons-collections\commons-collections\3.2\commons-collections-3.2.jar;g:\.m2\repository\commons-lang\commons-lang\2.3\commons-lang-2.3.jar;g:\.m2\repository\javax\mail\mail\1.4\mail-1.4.jar;g:\.m2\repository\javax\activation\activation\1.1\activation-1.1.jar;g:\.m2\repository\javax\persistence\persistence-api\1.0\persistence-api-1.0.jar;g:\.m2\repository\net\sf\ehcache\ehcache\1.3.0\ehcache-1.3.0.jar;g:\.m2\repository\net\sf\jsr107cache\jsr107cache\1.0\jsr107cache-1.0.jar;g:\.m2\repository\backport-util-concurrent\backport-util-concurrent\3.0\backport-util-concurrent-3.0.jar;g:\.m2\repository\org\codehaus\xfire\xfire-java5\1.2.6\xfire-java5-1.2.6.jar;g:\.m2\repository\org\codehaus\xfire\xfire-aegis\1.2.6\xfire-aegis-1.2.6.jar;g:\.m2\repository\org\codehaus\xfire\xfire-core\1.2.6\xfire-core-1.2.6.jar;g:\.m2\repository\wsdl4j\wsdl4j\1.6.1\wsdl4j-1.6.1.jar;g:\.m2\repository\stax\stax-api\1.0.1\stax-api-1.0.1.jar;g:\.m2\repository\commons-codec\commons-codec\1.3\commons-codec-1.3.jar;g:\.m2\repository\org\codehaus\woodstox\wstx-asl\3.2.0\wstx-asl-3.2.0.jar;g:\.m2\repository\jdom\jdom\1.0\jdom-1.0.jar;g:\.m2\repository\commons-httpclient\commons-httpclient\3.0\commons-httpclient-3.0.jar;g:\.m2\repository\junit\junit\4.4\junit-4.4.jar;g:\.m2\repository\net\java\dev\stax-utils\stax-utils\20040917\stax-utils-20040917.jar;g:\.m2\repository\org\codehaus\xfire\xfire-annotations\1.2.6\xfire-annotations-1.2.6.jar;g:\.m2\repository\xfire\xfire-jsr181-api\1.0-M1\xfire-jsr181-api-1.0-M1.jar;g:\.m2\repository\org\codehaus\xfire\xfire-spring\1.2.6\xfire-spring-1.2.6.jar;g:\.m2\repository\org\apache\xbean\xbean-spring\2.8\xbean-spring-2.8.jar;g:\.m2\repository\org\codehaus\xfire\xfire-xmlbeans\1.2.6\xfire-xmlbeans-1.2.6.jar;g:\.m2\repository\xmlbeans\xbean\2.2.0\xbean-2.2.0.jar;g:\.m2\repository\org\hibernate\hibernate\3.2.5.ga\hibernate-3.2.5.ga.jar;g:\.m2\repository\javax\transaction\jta\1.0.1B\jta-1.0.1B.jar;g:\.m2\repository\asm\asm-attrs\1.5.3\asm-attrs-1.5.3.jar;g:\.m2\repository\dom4j\dom4j\1.6.1\dom4j-1.6.1.jar;g:\.m2\repository\antlr\antlr\2.7.6\antlr-2.7.6.jar;g:\.m2\repository\cglib\cglib\2.1_3\cglib-2.1_3.jar;g:\.m2\repository\asm\asm\1.5.3\asm-1.5.3.jar;g:\.m2\repository\org\hibernate\hibernate-annotations\3.3.0.ga\hibernate-annotations-3.3.0.ga.jar;g:\.m2\repository\org\hibernate\hibernate-commons-annotations\3.3.0.ga\hibernate-commons-annotations-3.3.0.ga.jar;g:\.m2\repository\org\springframework\spring-jdbc\2.5\spring-jdbc-2.5.jar;g:\.m2\repository\org\springframework\spring-beans\2.5\spring-beans-2.5.jar;g:\.m2\repository\org\springframework\spring-core\2.5\spring-core-2.5.jar;g:\.m2\repository\org\springframework\spring-context\2.5\spring-context-2.5.jar;g:\.m2\repository\aopalliance\aopalliance\1.0\aopalliance-1.0.jar;g:\.m2\repository\org\springframework\spring-tx\2.5\spring-tx-2.5.jar;g:\.m2\repository\org\springframework\spring-orm\2.5\spring-orm-2.5.jar;g:\.m2\repository\org\springframework\spring-aop\2.5\spring-aop-2.5.jar;g:\.m2\repository\org\springframework\spring-aspects\2.5\spring-aspects-2.5.jar;g:\.m2\repository\org\springframework\spring-context-support\2.5\spring-context-support-2.5.jar;g:\.m2\repository\velocity\velocity\1.4\velocity-1.4.jar;g:\.m2\repository\velocity\velocity-dep\1.4\velocity-dep-1.4.jar;g:\.m2\repository\log4j\log4j\1.2.13\log4j-1.2.13.jar;g:\.m2\repository\org\acegisecurity\acegi-security-tiger\1.0.5\acegi-security-tiger-1.0.5.jar;g:\.m2\repository\org\acegisecurity\acegi-security\1.0.5\acegi-security-1.0.5.jar;g:\.m2\repository\oro\oro\2.0.8\oro-2.0.8.jar;g:\.m2\repository\commons-dbcp\commons-dbcp\1.2.2\commons-dbcp-1.2.2.jar;g:\.m2\repository\commons-pool\commons-pool\1.3\commons-pool-1.3.jar;g:\.m2\repository\commons-fileupload\commons-fileupload\1.1.1\commons-fileupload-1.1.1.jar;g:\.m2\repository\commons-io\commons-io\1.1\commons-io-1.1.jar;g:\.m2\repository\displaytag\displaytag\1.1.1\displaytag-1.1.1.jar;g:\.m2\repository\com\lowagie\itext\1.3\itext-1.3.jar;g:\.m2\repository\org\slf4j\jcl104-over-slf4j\1.4.2\jcl104-over-slf4j-1.4.2.jar;g:\.m2\repository\org\slf4j\slf4j-log4j12\1.4.2\slf4j-log4j12-1.4.2.jar;g:\.m2\repository\org\slf4j\slf4j-api\1.4.2\slf4j-api-1.4.2.jar;g:\.m2\repository\javax\servlet\servlet-api\2.4\servlet-api-2.4.jar;g:\.m2\repository\javax\servlet\jstl\1.1.2\jstl-1.1.2.jar;g:\.m2\repository\javax\servlet\jsp-api\2.0\jsp-api-2.0.jar;g:\.m2\repository\opensymphony\clickstream\1.0.2\clickstream-1.0.2.jar;g:\.m2\repository\opensymphony\oscache\2.3\oscache-2.3.jar;g:\.m2\repository\opensymphony\sitemesh\2.2.1\sitemesh-2.2.1.jar;g:\.m2\repository\org\directwebremoting\dwr\2.0.1\dwr-2.0.1.jar;g:\.m2\repository\org\springframework\spring-webmvc\2.5\spring-webmvc-2.5.jar;g:\.m2\repository\org\springframework\spring-web\2.5\spring-web-2.5.jar;g:\.m2\repository\org\springmodules\spring-modules-validation\0.8\spring-modules-validation-0.8.jar;g:\.m2\repository\commons-validator\commons-validator\1.3.0\commons-validator-1.3.0.jar;g:\.m2\repository\commons-digester\commons-digester\1.7\commons-digester-1.7.jar;g:\.m2\repository\rhino\js\1.6R2\js-1.6R2.jar;g:\.m2\repository\org\subethamail\subethasmtp-wiser\1.2\subethasmtp-wiser-1.2.jar;g:\.m2\repository\org\subethamail\subethasmtp-smtp\1.2\subethasmtp-smtp-1.2.jar;g:\.m2\repository\org\tuckey\urlrewritefilter\3.0.4\urlrewritefilter-3.0.4.jar;g:\.m2\repository\struts-menu\struts-menu\2.4.3\struts-menu-2.4.3.jar;g:\.m2\repository\velocity-tools\velocity-tools-view\1.0\velocity-tools-view-1.0.jar;g:\.m2\repository\taglibs\standard\1.1.2\standard-1.1.2.jar;g:\.m2\repository\jmock\jmock\1.1.0\jmock-1.1.0.jar;g:\.m2\repository\org\springframework\spring-test\2.5\spring-test-2.5.jar;" name="surefire.test.class.path"/>
    <property value="Java Platform API Specification" name="java.specification.name"/>
    <property value="49.0" name="java.class.version"/>
    <property value="HotSpot Client Compiler" name="sun.management.compiler"/>
    <property value="6.0" name="os.version"/>
    <property value="C:\Users\mussa" name="user.home"/>
    <property value="America/Sao_Paulo" name="user.timezone"/>
    <property value="sun.awt.windows.WPrinterJob" name="java.awt.printerjob"/>
    <property value="1.5" name="java.specification.version"/>
    <property value="Cp1252" name="file.encoding"/>
    <property value="mussa" name="user.name"/>
    <property value="G:\Source\investprofile\web\target\test-classes;G:\Source\investprofile\web\target\classes;g:\.m2\repository\mysql\mysql-connector-java\5.0.5\mysql-connector-java-5.0.5.jar;G:\Source\investprofile\core\target\investprofile-core-1.0-SNAPSHOT.jar;g:\.m2\repository\aspectj\aspectjweaver\1.5.2a\aspectjweaver-1.5.2a.jar;g:\.m2\repository\aspectj\aspectjrt\1.5.2a\aspectjrt-1.5.2a.jar;g:\.m2\repository\commons-beanutils\commons-beanutils\1.7.0\commons-beanutils-1.7.0.jar;g:\.m2\repository\commons-logging\commons-logging\1.1\commons-logging-1.1.jar;g:\.m2\repository\commons-collections\commons-collections\3.2\commons-collections-3.2.jar;g:\.m2\repository\commons-lang\commons-lang\2.3\commons-lang-2.3.jar;g:\.m2\repository\javax\mail\mail\1.4\mail-1.4.jar;g:\.m2\repository\javax\activation\activation\1.1\activation-1.1.jar;g:\.m2\repository\javax\persistence\persistence-api\1.0\persistence-api-1.0.jar;g:\.m2\repository\net\sf\ehcache\ehcache\1.3.0\ehcache-1.3.0.jar;g:\.m2\repository\net\sf\jsr107cache\jsr107cache\1.0\jsr107cache-1.0.jar;g:\.m2\repository\backport-util-concurrent\backport-util-concurrent\3.0\backport-util-concurrent-3.0.jar;g:\.m2\repository\org\codehaus\xfire\xfire-java5\1.2.6\xfire-java5-1.2.6.jar;g:\.m2\repository\org\codehaus\xfire\xfire-aegis\1.2.6\xfire-aegis-1.2.6.jar;g:\.m2\repository\org\codehaus\xfire\xfire-core\1.2.6\xfire-core-1.2.6.jar;g:\.m2\repository\wsdl4j\wsdl4j\1.6.1\wsdl4j-1.6.1.jar;g:\.m2\repository\stax\stax-api\1.0.1\stax-api-1.0.1.jar;g:\.m2\repository\commons-codec\commons-codec\1.3\commons-codec-1.3.jar;g:\.m2\repository\org\codehaus\woodstox\wstx-asl\3.2.0\wstx-asl-3.2.0.jar;g:\.m2\repository\jdom\jdom\1.0\jdom-1.0.jar;g:\.m2\repository\commons-httpclient\commons-httpclient\3.0\commons-httpclient-3.0.jar;g:\.m2\repository\junit\junit\4.4\junit-4.4.jar;g:\.m2\repository\net\java\dev\stax-utils\stax-utils\20040917\stax-utils-20040917.jar;g:\.m2\repository\org\codehaus\xfire\xfire-annotations\1.2.6\xfire-annotations-1.2.6.jar;g:\.m2\repository\xfire\xfire-jsr181-api\1.0-M1\xfire-jsr181-api-1.0-M1.jar;g:\.m2\repository\org\codehaus\xfire\xfire-spring\1.2.6\xfire-spring-1.2.6.jar;g:\.m2\repository\org\apache\xbean\xbean-spring\2.8\xbean-spring-2.8.jar;g:\.m2\repository\org\codehaus\xfire\xfire-xmlbeans\1.2.6\xfire-xmlbeans-1.2.6.jar;g:\.m2\repository\xmlbeans\xbean\2.2.0\xbean-2.2.0.jar;g:\.m2\repository\org\hibernate\hibernate\3.2.5.ga\hibernate-3.2.5.ga.jar;g:\.m2\repository\javax\transaction\jta\1.0.1B\jta-1.0.1B.jar;g:\.m2\repository\asm\asm-attrs\1.5.3\asm-attrs-1.5.3.jar;g:\.m2\repository\dom4j\dom4j\1.6.1\dom4j-1.6.1.jar;g:\.m2\repository\antlr\antlr\2.7.6\antlr-2.7.6.jar;g:\.m2\repository\cglib\cglib\2.1_3\cglib-2.1_3.jar;g:\.m2\repository\asm\asm\1.5.3\asm-1.5.3.jar;g:\.m2\repository\org\hibernate\hibernate-annotations\3.3.0.ga\hibernate-annotations-3.3.0.ga.jar;g:\.m2\repository\org\hibernate\hibernate-commons-annotations\3.3.0.ga\hibernate-commons-annotations-3.3.0.ga.jar;g:\.m2\repository\org\springframework\spring-jdbc\2.5\spring-jdbc-2.5.jar;g:\.m2\repository\org\springframework\spring-beans\2.5\spring-beans-2.5.jar;g:\.m2\repository\org\springframework\spring-core\2.5\spring-core-2.5.jar;g:\.m2\repository\org\springframework\spring-context\2.5\spring-context-2.5.jar;g:\.m2\repository\aopalliance\aopalliance\1.0\aopalliance-1.0.jar;g:\.m2\repository\org\springframework\spring-tx\2.5\spring-tx-2.5.jar;g:\.m2\repository\org\springframework\spring-orm\2.5\spring-orm-2.5.jar;g:\.m2\repository\org\springframework\spring-aop\2.5\spring-aop-2.5.jar;g:\.m2\repository\org\springframework\spring-aspects\2.5\spring-aspects-2.5.jar;g:\.m2\repository\org\springframework\spring-context-support\2.5\spring-context-support-2.5.jar;g:\.m2\repository\velocity\velocity\1.4\velocity-1.4.jar;g:\.m2\repository\velocity\velocity-dep\1.4\velocity-dep-1.4.jar;g:\.m2\repository\log4j\log4j\1.2.13\log4j-1.2.13.jar;g:\.m2\repository\org\acegisecurity\acegi-security-tiger\1.0.5\acegi-security-tiger-1.0.5.jar;g:\.m2\repository\org\acegisecurity\acegi-security\1.0.5\acegi-security-1.0.5.jar;g:\.m2\repository\oro\oro\2.0.8\oro-2.0.8.jar;g:\.m2\repository\commons-dbcp\commons-dbcp\1.2.2\commons-dbcp-1.2.2.jar;g:\.m2\repository\commons-pool\commons-pool\1.3\commons-pool-1.3.jar;g:\.m2\repository\commons-fileupload\commons-fileupload\1.1.1\commons-fileupload-1.1.1.jar;g:\.m2\repository\commons-io\commons-io\1.1\commons-io-1.1.jar;g:\.m2\repository\displaytag\displaytag\1.1.1\displaytag-1.1.1.jar;g:\.m2\repository\com\lowagie\itext\1.3\itext-1.3.jar;g:\.m2\repository\org\slf4j\jcl104-over-slf4j\1.4.2\jcl104-over-slf4j-1.4.2.jar;g:\.m2\repository\org\slf4j\slf4j-log4j12\1.4.2\slf4j-log4j12-1.4.2.jar;g:\.m2\repository\org\slf4j\slf4j-api\1.4.2\slf4j-api-1.4.2.jar;g:\.m2\repository\javax\servlet\servlet-api\2.4\servlet-api-2.4.jar;g:\.m2\repository\javax\servlet\jstl\1.1.2\jstl-1.1.2.jar;g:\.m2\repository\javax\servlet\jsp-api\2.0\jsp-api-2.0.jar;g:\.m2\repository\opensymphony\clickstream\1.0.2\clickstream-1.0.2.jar;g:\.m2\repository\opensymphony\oscache\2.3\oscache-2.3.jar;g:\.m2\repository\opensymphony\sitemesh\2.2.1\sitemesh-2.2.1.jar;g:\.m2\repository\org\directwebremoting\dwr\2.0.1\dwr-2.0.1.jar;g:\.m2\repository\org\springframework\spring-webmvc\2.5\spring-webmvc-2.5.jar;g:\.m2\repository\org\springframework\spring-web\2.5\spring-web-2.5.jar;g:\.m2\repository\org\springmodules\spring-modules-validation\0.8\spring-modules-validation-0.8.jar;g:\.m2\repository\commons-validator\commons-validator\1.3.0\commons-validator-1.3.0.jar;g:\.m2\repository\commons-digester\commons-digester\1.7\commons-digester-1.7.jar;g:\.m2\repository\rhino\js\1.6R2\js-1.6R2.jar;g:\.m2\repository\org\subethamail\subethasmtp-wiser\1.2\subethasmtp-wiser-1.2.jar;g:\.m2\repository\org\subethamail\subethasmtp-smtp\1.2\subethasmtp-smtp-1.2.jar;g:\.m2\repository\org\tuckey\urlrewritefilter\3.0.4\urlrewritefilter-3.0.4.jar;g:\.m2\repository\struts-menu\struts-menu\2.4.3\struts-menu-2.4.3.jar;g:\.m2\repository\velocity-tools\velocity-tools-view\1.0\velocity-tools-view-1.0.jar;g:\.m2\repository\taglibs\standard\1.1.2\standard-1.1.2.jar;g:\.m2\repository\jmock\jmock\1.1.0\jmock-1.1.0.jar;g:\.m2\repository\org\springframework\spring-test\2.5\spring-test-2.5.jar;" name="java.class.path"/>
    <property value="1.0" name="java.vm.specification.version"/>
    <property value="32" name="sun.arch.data.model"/>
    <property value="G:\SDKs\jdk1.5.0_14\jre" name="java.home"/>
    <property value="Sun Microsystems Inc." name="java.specification.vendor"/>
    <property value="pt" name="user.language"/>
    <property value="sun.awt.windows.WToolkit" name="awt.toolkit"/>
    <property value="mixed mode, sharing" name="java.vm.info"/>
    <property value="1.5.0_14" name="java.version"/>
    <property value="G:\SDKs\jdk1.5.0_14\jre\lib\ext" name="java.ext.dirs"/>
    <property value="G:\SDKs\jdk1.5.0_14\jre\lib\rt.jar;G:\SDKs\jdk1.5.0_14\jre\lib\i18n.jar;G:\SDKs\jdk1.5.0_14\jre\lib\sunrsasign.jar;G:\SDKs\jdk1.5.0_14\jre\lib\jsse.jar;G:\SDKs\jdk1.5.0_14\jre\lib\jce.jar;G:\SDKs\jdk1.5.0_14\jre\lib\charsets.jar;G:\SDKs\jdk1.5.0_14\jre\classes" name="sun.boot.class.path"/>
    <property value="Sun Microsystems Inc." name="java.vendor"/>
    <property value="g:/.m2/repository" name="localRepository"/>
    <property value="\" name="file.separator"/>
    <property value="http://java.sun.com/cgi-bin/bugreport.cgi" name="java.vendor.url.bug"/>
    <property value="little" name="sun.cpu.endian"/>
    <property value="UnicodeLittle" name="sun.io.unicode.encoding"/>
    <property value="windows" name="sun.desktop"/>
    <property value="pentium_pro+mmx pentium_pro pentium+mmx pentium i486 i386 i86" name="sun.cpu.isalist"/>
  </properties>
  <testcase classname="AppTest" time="0.002" name="testGetHello"/>
</testsuite>